<?xml version="1.0" encoding="UTF-8"?>
<robot generator="Robot 3.2.2 (Python 3.9.2 on win32)" generated="20210318 15:47:37.048" rpa="false">
<suite id="s1" name="APIAutomation" source="C:\Users\OdayY\eclipse-workspace\Repositories\API_Test\APIAutomation">
<suite id="s1-s1" name="LaithProject TestCases" source="C:\Users\OdayY\eclipse-workspace\Repositories\API_Test\APIAutomation\LaithProject_TestCases">
<suite id="s1-s1-s1" name="SOAP" source="C:\Users\OdayY\eclipse-workspace\Repositories\API_Test\APIAutomation\LaithProject_TestCases\SOAP">
<suite id="s1-s1-s1-s1" name="SOAP TEST" source="C:\Users\OdayY\eclipse-workspace\Repositories\API_Test\APIAutomation\LaithProject_TestCases\SOAP\SOAP_TEST.robot">
<test id="s1-s1-s1-s1-t1" name="TC_Descover_IP">
<kw name="Create SOAP Client" library="SoapLibrary">
<doc>Loads a WSDL from the given URL and creates a Zeep client.
List all Available operations/methods with INFO log level.</doc>
<arguments>
<arg>${wsdl}</arg>
</arguments>
<msg timestamp="20210318 15:47:39.641" level="INFO">Connected to: http://localhost:8000/ws/transaction?wsdl</msg>
<msg timestamp="20210318 15:47:39.641" level="INFO">Available operations: dict_keys(['createTransaction'])</msg>
<status status="PASS" starttime="20210318 15:47:37.573" endtime="20210318 15:47:39.642"></status>
</kw>
<kw name="Call SOAP Method With XML" library="SoapLibrary">
<doc>Send an XML file as a request to the SOAP client. The path to the Request XML file is required as argument,
the SOAP method is inside the XML file.</doc>
<arguments>
<arg>C:\\Users\\OdayY\\eclipse-workspace\\Repositories\\API_Test\\APIAutomation\\LaithProject_TestCases\\SOAP/trans.xml</arg>
</arguments>
<assign>
<var>${response}</var>
</assign>
<msg timestamp="20210318 15:47:39.653" level="INFO">${response} = &lt;Element {http://schemas.xmlsoap.org/soap/envelope/}Envelope at 0x21b90ee1500&gt;</msg>
<status status="PASS" starttime="20210318 15:47:39.642" endtime="20210318 15:47:39.654"></status>
</kw>
<kw name="Save XML To File" library="SoapLibrary">
<doc>Save the webservice response as a XML file.</doc>
<arguments>
<arg>${response}</arg>
<arg>C:\\Users\\OdayY\\eclipse-workspace\\Repositories\\API_Test\\APIAutomation\\LaithProject_TestCases\\SOAP</arg>
<arg>trans_result</arg>
</arguments>
<status status="PASS" starttime="20210318 15:47:39.654" endtime="20210318 15:47:39.656"></status>
</kw>
<kw name="Get Data From XML By Tag" library="SoapLibrary">
<doc>Gets data from XML using a given tag. If the tag returns zero or more than one result, it will show a warning.
The xml argument must be an etree object, can be used with the return of the keyword `Call SOAP Method With XML`.</doc>
<arguments>
<arg>${response}</arg>
<arg>amount</arg>
</arguments>
<assign>
<var>${amount}</var>
</assign>
<msg timestamp="20210318 15:47:39.657" level="INFO">${amount} = 100.0</msg>
<status status="PASS" starttime="20210318 15:47:39.656" endtime="20210318 15:47:39.657"></status>
</kw>
<kw name="Log" library="BuiltIn">
<doc>Logs the given message with the given level.</doc>
<arguments>
<arg>${amount}</arg>
</arguments>
<msg timestamp="20210318 15:47:39.658" level="INFO">100.0</msg>
<status status="PASS" starttime="20210318 15:47:39.658" endtime="20210318 15:47:39.658"></status>
</kw>
<kw name="Should Be Equal As Numbers" library="BuiltIn">
<doc>Fails if objects are unequal after converting them to real numbers.</doc>
<arguments>
<arg>${amount}</arg>
<arg>100</arg>
</arguments>
<status status="PASS" starttime="20210318 15:47:39.659" endtime="20210318 15:47:39.660"></status>
</kw>
<kw name="Get Data From XML By Tag" library="SoapLibrary">
<doc>Gets data from XML using a given tag. If the tag returns zero or more than one result, it will show a warning.
The xml argument must be an etree object, can be used with the return of the keyword `Call SOAP Method With XML`.</doc>
<arguments>
<arg>${response}</arg>
<arg>from</arg>
</arguments>
<assign>
<var>${from}</var>
</assign>
<msg timestamp="20210318 15:47:39.661" level="INFO">${from} = 1</msg>
<status status="PASS" starttime="20210318 15:47:39.660" endtime="20210318 15:47:39.661"></status>
</kw>
<kw name="Log" library="BuiltIn">
<doc>Logs the given message with the given level.</doc>
<arguments>
<arg>${from}</arg>
</arguments>
<msg timestamp="20210318 15:47:39.662" level="INFO">1</msg>
<status status="PASS" starttime="20210318 15:47:39.661" endtime="20210318 15:47:39.662"></status>
</kw>
<kw name="Should Be Equal As Integers" library="BuiltIn">
<doc>Fails if objects are unequal after converting them to integers.</doc>
<arguments>
<arg>${from}</arg>
<arg>1</arg>
</arguments>
<status status="PASS" starttime="20210318 15:47:39.662" endtime="20210318 15:47:39.663"></status>
</kw>
<kw name="Get Data From XML By Tag" library="SoapLibrary">
<doc>Gets data from XML using a given tag. If the tag returns zero or more than one result, it will show a warning.
The xml argument must be an etree object, can be used with the return of the keyword `Call SOAP Method With XML`.</doc>
<arguments>
<arg>${response}</arg>
<arg>id</arg>
</arguments>
<assign>
<var>${id}</var>
</assign>
<msg timestamp="20210318 15:47:39.664" level="INFO">${id} = 1</msg>
<status status="PASS" starttime="20210318 15:47:39.663" endtime="20210318 15:47:39.664"></status>
</kw>
<kw name="Log" library="BuiltIn">
<doc>Logs the given message with the given level.</doc>
<arguments>
<arg>${id}</arg>
</arguments>
<msg timestamp="20210318 15:47:39.665" level="INFO">1</msg>
<status status="PASS" starttime="20210318 15:47:39.664" endtime="20210318 15:47:39.665"></status>
</kw>
<kw name="Should Be Equal As Integers" library="BuiltIn">
<doc>Fails if objects are unequal after converting them to integers.</doc>
<arguments>
<arg>${id}</arg>
<arg>1</arg>
</arguments>
<status status="PASS" starttime="20210318 15:47:39.665" endtime="20210318 15:47:39.666"></status>
</kw>
<kw name="Get Data From XML By Tag" library="SoapLibrary">
<doc>Gets data from XML using a given tag. If the tag returns zero or more than one result, it will show a warning.
The xml argument must be an etree object, can be used with the return of the keyword `Call SOAP Method With XML`.</doc>
<arguments>
<arg>${response}</arg>
<arg>to</arg>
</arguments>
<assign>
<var>${to}</var>
</assign>
<msg timestamp="20210318 15:47:39.667" level="INFO">${to} = 2</msg>
<status status="PASS" starttime="20210318 15:47:39.666" endtime="20210318 15:47:39.667"></status>
</kw>
<kw name="Log" library="BuiltIn">
<doc>Logs the given message with the given level.</doc>
<arguments>
<arg>${to}</arg>
</arguments>
<msg timestamp="20210318 15:47:39.667" level="INFO">2</msg>
<status status="PASS" starttime="20210318 15:47:39.667" endtime="20210318 15:47:39.668"></status>
</kw>
<kw name="Should Be Equal As Integers" library="BuiltIn">
<doc>Fails if objects are unequal after converting them to integers.</doc>
<arguments>
<arg>${to}</arg>
<arg>2</arg>
</arguments>
<status status="PASS" starttime="20210318 15:47:39.668" endtime="20210318 15:47:39.668"></status>
</kw>
<status status="PASS" starttime="20210318 15:47:37.572" endtime="20210318 15:47:39.669" critical="yes"></status>
</test>
<status status="PASS" starttime="20210318 15:47:37.239" endtime="20210318 15:47:39.670"></status>
</suite>
<status status="PASS" starttime="20210318 15:47:37.235" endtime="20210318 15:47:39.671"></status>
</suite>
<status status="PASS" starttime="20210318 15:47:37.231" endtime="20210318 15:47:39.674"></status>
</suite>
<status status="PASS" starttime="20210318 15:47:37.201" endtime="20210318 15:47:39.676"></status>
</suite>
<statistics>
<total>
<stat pass="1" fail="0">Critical Tests</stat>
<stat pass="1" fail="0">All Tests</stat>
</total>
<tag>
</tag>
<suite>
<stat pass="1" fail="0" id="s1" name="APIAutomation">APIAutomation</stat>
<stat pass="1" fail="0" id="s1-s1" name="LaithProject TestCases">APIAutomation.LaithProject TestCases</stat>
<stat pass="1" fail="0" id="s1-s1-s1" name="SOAP">APIAutomation.LaithProject TestCases.SOAP</stat>
<stat pass="1" fail="0" id="s1-s1-s1-s1" name="SOAP TEST">APIAutomation.LaithProject TestCases.SOAP.SOAP TEST</stat>
</suite>
</statistics>
<errors>
</errors>
</robot>
