<?xml version="1.0" encoding="UTF-8"?>
<robot generator="Robot 3.2.2 (Python 3.9.2 on win32)" generated="20210321 14:15:06.963" rpa="false">
<suite id="s1" name="LaithTest" source="C:\Users\OdayY\eclipse-workspace\LaithTest">
<suite id="s1-s1" name="TestCases" source="C:\Users\OdayY\eclipse-workspace\LaithTest\TestCases">
<suite id="s1-s1-s1" name="REST API" source="C:\Users\OdayY\eclipse-workspace\LaithTest\TestCases\REST_API">
<suite id="s1-s1-s1-s1" name="PUT" source="C:\Users\OdayY\eclipse-workspace\LaithTest\TestCases\REST_API\PUT.robot">
<test id="s1-s1-s1-s1-t1" name="TC1">
<kw name="Create Session" library="RequestsLibrary" type="setup">
<doc>Create Session: create a HTTP session to a server</doc>
<arguments>
<arg>mysess</arg>
<arg>http://localhost:8080/jakarta-ee-getting-started/rest/accountHolders</arg>
</arguments>
<msg timestamp="20210321 14:15:07.595" level="INFO">Creating Session using : alias=mysess, url=http://localhost:8080/jakarta-ee-getting-started/rest/accountHolders, headers={},                     cookies={}, auth=None, timeout=None, proxies=None, verify=False,                     debug=0 </msg>
<status status="PASS" starttime="20210321 14:15:07.594" endtime="20210321 14:15:07.595"></status>
</kw>
<kw name="Create Dictionary" library="BuiltIn">
<doc>Creates and returns a dictionary based on the given ``items``.</doc>
<arguments>
<arg>id=3</arg>
<arg>firstName=Ahmad</arg>
<arg>lastName=Yameen</arg>
<arg>balance=${3000.33}</arg>
</arguments>
<assign>
<var>${body}</var>
</assign>
<msg timestamp="20210321 14:15:07.597" level="INFO">${body} = {'id': '3', 'firstName': 'Ahmad', 'lastName': 'Yameen', 'balance': 3000.33}</msg>
<status status="PASS" starttime="20210321 14:15:07.596" endtime="20210321 14:15:07.597"></status>
</kw>
<kw name="updateAccountHolder_CorrectInfo" library="HelperTC">
<arguments>
<arg>mysess</arg>
<arg>/</arg>
<arg>3</arg>
<arg>${body}</arg>
</arguments>
<kw name="Put On Session" library="RequestsLibrary">
<doc>Sends a PUT request on a previously created HTTP Session.</doc>
<arguments>
<arg>${mysess}</arg>
<arg>${path}${account_id}</arg>
<arg>json=${json}</arg>
</arguments>
<assign>
<var>${response}</var>
</assign>
<msg timestamp="20210321 14:15:07.639" level="INFO">PUT Request : url=http://localhost:8080/jakarta-ee-getting-started/rest/accountHolders/3 
 path_url=/jakarta-ee-getting-started/rest/accountHolders/3 
 headers={'User-Agent': 'python-requests/2.25.1', 'Accept-Encoding': 'gzip, deflate', 'Accept': '*/*', 'Connection': 'keep-alive', 'Content-Length': '75', 'Content-Type': 'application/json'} 
 body=b'{"id": "3", "firstName": "Ahmad", "lastName": "Yameen", "balance": 3000.33}' 
 </msg>
<msg timestamp="20210321 14:15:07.639" level="INFO">PUT Response : url=http://localhost:8080/jakarta-ee-getting-started/rest/accountHolders/3 
 status=201, reason=Created 
 headers={'Server': 'GlassFish Server Open Source Edition  5.1.0 ', 'X-Powered-By': 'Servlet/3.1 JSP/2.3 (GlassFish Server Open Source Edition  5.1.0  Java/Oracle Corporation/1.8)', 'Location': 'http://localhost:8080/jakarta-ee-getting-started/rest/accountHolders/3', 'Content-Length': '0'} 
 body=None 
 </msg>
<msg timestamp="20210321 14:15:07.639" level="INFO">${response} = &lt;Response [201]&gt;</msg>
<status status="PASS" starttime="20210321 14:15:07.598" endtime="20210321 14:15:07.639"></status>
</kw>
<kw name="Get From Dictionary" library="Collections">
<doc>Returns a value from the given ``dictionary`` based on the given ``key``.</doc>
<arguments>
<arg>${json}</arg>
<arg>id</arg>
</arguments>
<assign>
<var>${id}</var>
</assign>
<msg timestamp="20210321 14:15:07.640" level="INFO">${id} = 3</msg>
<status status="PASS" starttime="20210321 14:15:07.640" endtime="20210321 14:15:07.640"></status>
</kw>
<kw name="Get On Session" library="RequestsLibrary">
<doc>Sends a GET request on a previously created HTTP Session.</doc>
<arguments>
<arg>${mysess}</arg>
<arg>${path}${id}</arg>
</arguments>
<assign>
<var>${res2}</var>
</assign>
<msg timestamp="20210321 14:15:07.655" level="INFO">GET Request : url=http://localhost:8080/jakarta-ee-getting-started/rest/accountHolders/3 
 path_url=/jakarta-ee-getting-started/rest/accountHolders/3 
 headers={'User-Agent': 'python-requests/2.25.1', 'Accept-Encoding': 'gzip, deflate', 'Accept': '*/*', 'Connection': 'keep-alive'} 
 body=None 
 </msg>
<msg timestamp="20210321 14:15:07.656" level="INFO">GET Response : url=http://localhost:8080/jakarta-ee-getting-started/rest/accountHolders/3 
 status=200, reason=OK 
 headers={'Server': 'GlassFish Server Open Source Edition  5.1.0 ', 'X-Powered-By': 'Servlet/3.1 JSP/2.3 (GlassFish Server Open Source Edition  5.1.0  Java/Oracle Corporation/1.8)', 'Content-Type': 'application/json', 'Content-Length': '68'} 
 body={"balance":3000.33,"firstName":"Ahmad","id":"3","lastName":"Yameen"} 
 </msg>
<msg timestamp="20210321 14:15:07.656" level="INFO">${res2} = &lt;Response [200]&gt;</msg>
<status status="PASS" starttime="20210321 14:15:07.641" endtime="20210321 14:15:07.656"></status>
</kw>
<kw name="Should Be Equal As Strings" library="BuiltIn">
<doc>Fails if objects are unequal after converting them to strings.</doc>
<arguments>
<arg>${res2.status_code}</arg>
<arg>200</arg>
</arguments>
<msg timestamp="20210321 14:15:07.657" level="INFO">Argument types are:
&lt;class 'int'&gt;
&lt;type 'unicode'&gt;</msg>
<status status="PASS" starttime="20210321 14:15:07.657" endtime="20210321 14:15:07.658"></status>
</kw>
<kw name="Should Be Equal" library="BuiltIn">
<doc>Fails if the given objects are unequal.</doc>
<arguments>
<arg>${json}</arg>
<arg>${res2.json()}</arg>
</arguments>
<msg timestamp="20210321 14:15:07.658" level="INFO">Argument types are:
&lt;class 'robot.utils.dotdict.DotDict'&gt;
&lt;class 'dict'&gt;</msg>
<status status="PASS" starttime="20210321 14:15:07.658" endtime="20210321 14:15:07.659"></status>
</kw>
<status status="PASS" starttime="20210321 14:15:07.597" endtime="20210321 14:15:07.659"></status>
</kw>
<status status="PASS" starttime="20210321 14:15:07.593" endtime="20210321 14:15:07.659" critical="yes"></status>
</test>
<test id="s1-s1-s1-s1-t2" name="TC2">
<kw name="Create Session" library="RequestsLibrary" type="setup">
<doc>Create Session: create a HTTP session to a server</doc>
<arguments>
<arg>mysess</arg>
<arg>http://localhost:8080/jakarta-ee-getting-started/rest/accountHolders</arg>
</arguments>
<msg timestamp="20210321 14:15:07.662" level="INFO">Creating Session using : alias=mysess, url=http://localhost:8080/jakarta-ee-getting-started/rest/accountHolders, headers={},                     cookies={}, auth=None, timeout=None, proxies=None, verify=False,                     debug=0 </msg>
<status status="PASS" starttime="20210321 14:15:07.661" endtime="20210321 14:15:07.663"></status>
</kw>
<kw name="Create Dictionary" library="BuiltIn">
<doc>Creates and returns a dictionary based on the given ``items``.</doc>
<arguments>
<arg>lastName=Yameen</arg>
<arg>balance=${3000.33}</arg>
</arguments>
<assign>
<var>${body}</var>
</assign>
<msg timestamp="20210321 14:15:07.664" level="INFO">${body} = {'lastName': 'Yameen', 'balance': 3000.33}</msg>
<status status="PASS" starttime="20210321 14:15:07.663" endtime="20210321 14:15:07.664"></status>
</kw>
<kw name="updateAccount_MissFilds" library="HelperTC">
<arguments>
<arg>mysess</arg>
<arg>/</arg>
<arg>3</arg>
<arg>${body}</arg>
</arguments>
<kw name="Put On Session" library="RequestsLibrary">
<doc>Sends a PUT request on a previously created HTTP Session.</doc>
<arguments>
<arg>${mysess}</arg>
<arg>${path}${id}</arg>
<arg>json=${json_Miss_filds}</arg>
</arguments>
<assign>
<var>${response}</var>
</assign>
<msg timestamp="20210321 14:15:07.698" level="INFO">PUT Request : url=http://localhost:8080/jakarta-ee-getting-started/rest/accountHolders/3 
 path_url=/jakarta-ee-getting-started/rest/accountHolders/3 
 headers={'User-Agent': 'python-requests/2.25.1', 'Accept-Encoding': 'gzip, deflate', 'Accept': '*/*', 'Connection': 'keep-alive', 'Content-Length': '42', 'Content-Type': 'application/json'} 
 body=b'{"lastName": "Yameen", "balance": 3000.33}' 
 </msg>
<msg timestamp="20210321 14:15:07.699" level="INFO">PUT Response : url=http://localhost:8080/jakarta-ee-getting-started/rest/accountHolders/3 
 status=201, reason=Created 
 headers={'Server': 'GlassFish Server Open Source Edition  5.1.0 ', 'X-Powered-By': 'Servlet/3.1 JSP/2.3 (GlassFish Server Open Source Edition  5.1.0  Java/Oracle Corporation/1.8)', 'Location': 'http://localhost:8080/jakarta-ee-getting-started/rest/accountHolders/3', 'Content-Length': '0'} 
 body=None 
 </msg>
<msg timestamp="20210321 14:15:07.699" level="INFO">${response} = &lt;Response [201]&gt;</msg>
<status status="PASS" starttime="20210321 14:15:07.665" endtime="20210321 14:15:07.699"></status>
</kw>
<kw name="Should Contain" library="BuiltIn">
<doc>Fails if ``container`` does not contain ``item`` one or more times.</doc>
<arguments>
<arg>${response.status_code}</arg>
<arg>500</arg>
</arguments>
<msg timestamp="20210321 14:15:07.701" level="FAIL">TypeError: argument of type 'int' is not iterable</msg>
<status status="FAIL" starttime="20210321 14:15:07.700" endtime="20210321 14:15:07.701"></status>
</kw>
<status status="FAIL" starttime="20210321 14:15:07.664" endtime="20210321 14:15:07.701"></status>
</kw>
<status status="FAIL" starttime="20210321 14:15:07.660" endtime="20210321 14:15:07.702" critical="yes">TypeError: argument of type 'int' is not iterable</status>
</test>
<test id="s1-s1-s1-s1-t3" name="TC3">
<kw name="Create Session" library="RequestsLibrary" type="setup">
<doc>Create Session: create a HTTP session to a server</doc>
<arguments>
<arg>mysess</arg>
<arg>http://localhost:8080/jakarta-ee-getting-started/rest/accountHolders</arg>
</arguments>
<msg timestamp="20210321 14:15:07.703" level="INFO">Creating Session using : alias=mysess, url=http://localhost:8080/jakarta-ee-getting-started/rest/accountHolders, headers={},                     cookies={}, auth=None, timeout=None, proxies=None, verify=False,                     debug=0 </msg>
<status status="PASS" starttime="20210321 14:15:07.703" endtime="20210321 14:15:07.704"></status>
</kw>
<kw name="Create Dictionary" library="BuiltIn">
<doc>Creates and returns a dictionary based on the given ``items``.</doc>
<arguments>
<arg>id=3</arg>
<arg>firstName=Ahmad</arg>
<arg>lastName=Yameen</arg>
<arg>balance=Odayyameen</arg>
</arguments>
<assign>
<var>${body}</var>
</assign>
<msg timestamp="20210321 14:15:07.705" level="INFO">${body} = {'id': '3', 'firstName': 'Ahmad', 'lastName': 'Yameen', 'balance': 'Odayyameen'}</msg>
<status status="PASS" starttime="20210321 14:15:07.704" endtime="20210321 14:15:07.705"></status>
</kw>
<kw name="updateAccountWith_incorrectInfo" library="HelperTC">
<arguments>
<arg>mysess</arg>
<arg>/</arg>
<arg>3</arg>
<arg>${body}</arg>
</arguments>
<kw name="Put On Session" library="RequestsLibrary">
<doc>Sends a PUT request on a previously created HTTP Session.</doc>
<arguments>
<arg>${mysess}</arg>
<arg>${path}${id}</arg>
<arg>json=${json_incorrect}</arg>
</arguments>
<assign>
<var>${response}</var>
</assign>
<msg timestamp="20210321 14:15:07.723" level="INFO">PUT Request : url=http://localhost:8080/jakarta-ee-getting-started/rest/accountHolders/3 
 path_url=/jakarta-ee-getting-started/rest/accountHolders/3 
 headers={'User-Agent': 'python-requests/2.25.1', 'Accept-Encoding': 'gzip, deflate', 'Accept': '*/*', 'Connection': 'keep-alive', 'Content-Length': '80', 'Content-Type': 'application/json'} 
 body=b'{"id": "3", "firstName": "Ahmad", "lastName": "Yameen", "balance": "Odayyameen"}' 
 </msg>
<msg timestamp="20210321 14:15:07.723" level="INFO">PUT Response : url=http://localhost:8080/jakarta-ee-getting-started/rest/accountHolders/3 
 status=500, reason=Internal Server Error 
 headers={'Content-Language': '', 'Content-Type': 'text/html', 'Connection': 'close', 'Content-Length': '1709'} 
 body=&lt;!DOCTYPE html PUBLIC "-//W3C//DTD XHTML 1.0 Strict//EN" "http://www.w3.org/TR/xhtml1/DTD/xhtml1-strict.dtd"&gt;&lt;html xmlns="http://www.w3.org/1999/xhtml"&gt;&lt;head&gt;&lt;title&gt;GlassFish Server Open Source Edition  5.1.0  - Error report&lt;/title&gt;&lt;style type="text/css"&gt;&lt;!--H1 {font-family:Tahoma,Arial,sans-serif;color:white;background-color:#525D76;font-size:22px;} H2 {font-family:Tahoma,Arial,sans-serif;color:white;background-color:#525D76;font-size:16px;} H3 {font-family:Tahoma,Arial,sans-serif;color:white;background-color:#525D76;font-size:14px;} BODY {font-family:Tahoma,Arial,sans-serif;color:black;background-color:white;} B {font-family:Tahoma,Arial,sans-serif;color:white;background-color:#525D76;} P {font-family:Tahoma,Arial,sans-serif;background:white;color:black;font-size:12px;}A {color : black;}HR {color : #525D76;}--&gt;&lt;/style&gt; &lt;/head&gt;&lt;body&gt;&lt;h1&gt;HTTP Status 500 - Internal Server Error&lt;/h1&gt;&lt;hr/&gt;&lt;p&gt;&lt;b&gt;type&lt;/b&gt; Exception report&lt;/p&gt;&lt;p&gt;&lt;b&gt;message&lt;/b&gt;Internal Server Error&lt;/p&gt;&lt;p&gt;&lt;b&gt;description&lt;/b&gt;The server encountered an internal error that prevented it from fulfilling this request.&lt;/p&gt;&lt;p&gt;&lt;b&gt;exception&lt;/b&gt; &lt;pre&gt;javax.servlet.ServletException: javax.ws.rs.ProcessingException: Error deserializing object from entity stream.&lt;/pre&gt;&lt;/p&gt;&lt;p&gt;&lt;b&gt;root cause&lt;/b&gt; &lt;pre&gt;javax.ws.rs.ProcessingException: Error deserializing object from entity stream.&lt;/pre&gt;&lt;/p&gt;&lt;p&gt;&lt;b&gt;root cause&lt;/b&gt; &lt;pre&gt;javax.json.bind.JsonbException: Error deserialize JSON value into type: class java.lang.Double.&lt;/pre&gt;&lt;/p&gt;&lt;p&gt;&lt;b&gt;note&lt;/b&gt; &lt;u&gt;The full stack traces of the exception and its root causes are available in the GlassFish Server Open Source Edition  5.1.0  logs.&lt;/u&gt;&lt;/p&gt;&lt;hr/&gt;&lt;h3&gt;GlassFish Server Open Source Edition  5.1.0 &lt;/h3&gt;&lt;/body&gt;&lt;/html&gt; 
 </msg>
<msg timestamp="20210321 14:15:07.727" level="FAIL">HTTPError: 500 Server Error: Internal Server Error for url: http://localhost:8080/jakarta-ee-getting-started/rest/accountHolders/3</msg>
<status status="FAIL" starttime="20210321 14:15:07.706" endtime="20210321 14:15:07.727"></status>
</kw>
<status status="FAIL" starttime="20210321 14:15:07.705" endtime="20210321 14:15:07.727"></status>
</kw>
<status status="FAIL" starttime="20210321 14:15:07.702" endtime="20210321 14:15:07.728" critical="yes">HTTPError: 500 Server Error: Internal Server Error for url: http://localhost:8080/jakarta-ee-getting-started/rest/accountHolders/3</status>
</test>
<test id="s1-s1-s1-s1-t4" name="TC4">
<kw name="Create Session" library="RequestsLibrary" type="setup">
<doc>Create Session: create a HTTP session to a server</doc>
<arguments>
<arg>mysess</arg>
<arg>http://localhost:8080/jakarta-ee-getting-started/rest/accountHolders</arg>
</arguments>
<msg timestamp="20210321 14:15:07.730" level="INFO">Creating Session using : alias=mysess, url=http://localhost:8080/jakarta-ee-getting-started/rest/accountHolders, headers={},                     cookies={}, auth=None, timeout=None, proxies=None, verify=False,                     debug=0 </msg>
<status status="PASS" starttime="20210321 14:15:07.729" endtime="20210321 14:15:07.730"></status>
</kw>
<kw name="Create Dictionary" library="BuiltIn">
<doc>Creates and returns a dictionary based on the given ``items``.</doc>
<arguments>
<arg>id=3</arg>
<arg>firstName=Ahmad</arg>
<arg>lastName=Yameen</arg>
<arg>balance=${3000.33}</arg>
</arguments>
<assign>
<var>${body}</var>
</assign>
<msg timestamp="20210321 14:15:07.731" level="INFO">${body} = {'id': '3', 'firstName': 'Ahmad', 'lastName': 'Yameen', 'balance': 3000.33}</msg>
<status status="PASS" starttime="20210321 14:15:07.731" endtime="20210321 14:15:07.731"></status>
</kw>
<kw name="updateAccount_Existing" library="HelperTC">
<arguments>
<arg>mysess</arg>
<arg>/</arg>
<arg>3</arg>
<arg>${body}</arg>
</arguments>
<kw name="Put On Session" library="RequestsLibrary">
<doc>Sends a PUT request on a previously created HTTP Session.</doc>
<arguments>
<arg>${mysess}</arg>
<arg>${path}${id}</arg>
<arg>json=${json_exsist}</arg>
</arguments>
<assign>
<var>${response}</var>
</assign>
<msg timestamp="20210321 14:15:07.756" level="INFO">PUT Request : url=http://localhost:8080/jakarta-ee-getting-started/rest/accountHolders/3 
 path_url=/jakarta-ee-getting-started/rest/accountHolders/3 
 headers={'User-Agent': 'python-requests/2.25.1', 'Accept-Encoding': 'gzip, deflate', 'Accept': '*/*', 'Connection': 'keep-alive', 'Content-Length': '75', 'Content-Type': 'application/json'} 
 body=b'{"id": "3", "firstName": "Ahmad", "lastName": "Yameen", "balance": 3000.33}' 
 </msg>
<msg timestamp="20210321 14:15:07.757" level="INFO">PUT Response : url=http://localhost:8080/jakarta-ee-getting-started/rest/accountHolders/3 
 status=201, reason=Created 
 headers={'Server': 'GlassFish Server Open Source Edition  5.1.0 ', 'X-Powered-By': 'Servlet/3.1 JSP/2.3 (GlassFish Server Open Source Edition  5.1.0  Java/Oracle Corporation/1.8)', 'Location': 'http://localhost:8080/jakarta-ee-getting-started/rest/accountHolders/3', 'Content-Length': '0'} 
 body=None 
 </msg>
<msg timestamp="20210321 14:15:07.757" level="INFO">${response} = &lt;Response [201]&gt;</msg>
<status status="PASS" starttime="20210321 14:15:07.733" endtime="20210321 14:15:07.757"></status>
</kw>
<kw name="Should Contain" library="BuiltIn">
<doc>Fails if ``container`` does not contain ``item`` one or more times.</doc>
<arguments>
<arg>${response.status_code}</arg>
<arg>500</arg>
</arguments>
<msg timestamp="20210321 14:15:07.758" level="FAIL">TypeError: argument of type 'int' is not iterable</msg>
<status status="FAIL" starttime="20210321 14:15:07.758" endtime="20210321 14:15:07.759"></status>
</kw>
<status status="FAIL" starttime="20210321 14:15:07.732" endtime="20210321 14:15:07.759"></status>
</kw>
<status status="FAIL" starttime="20210321 14:15:07.729" endtime="20210321 14:15:07.760" critical="yes">TypeError: argument of type 'int' is not iterable</status>
</test>
<test id="s1-s1-s1-s1-t5" name="TC5">
<kw name="Create Session" library="RequestsLibrary" type="setup">
<doc>Create Session: create a HTTP session to a server</doc>
<arguments>
<arg>mysess</arg>
<arg>http://localhost:8080/jakarta-ee-getting-started/rest/accountHolders</arg>
</arguments>
<msg timestamp="20210321 14:15:07.761" level="INFO">Creating Session using : alias=mysess, url=http://localhost:8080/jakarta-ee-getting-started/rest/accountHolders, headers={},                     cookies={}, auth=None, timeout=None, proxies=None, verify=False,                     debug=0 </msg>
<status status="PASS" starttime="20210321 14:15:07.761" endtime="20210321 14:15:07.762"></status>
</kw>
<kw name="Create Dictionary" library="BuiltIn">
<doc>Creates and returns a dictionary based on the given ``items``.</doc>
<arguments>
<arg>id=55</arg>
<arg>firstName=Ahmad</arg>
<arg>lastName=Yameen</arg>
<arg>balance=Odayyameen</arg>
</arguments>
<assign>
<var>${body}</var>
</assign>
<msg timestamp="20210321 14:15:07.763" level="INFO">${body} = {'id': '55', 'firstName': 'Ahmad', 'lastName': 'Yameen', 'balance': 'Odayyameen'}</msg>
<status status="PASS" starttime="20210321 14:15:07.762" endtime="20210321 14:15:07.763"></status>
</kw>
<kw name="updateAccount_NotExist" library="HelperTC">
<arguments>
<arg>mysess</arg>
<arg>/</arg>
<arg>55</arg>
<arg>${body}</arg>
</arguments>
<kw name="Put On Session" library="RequestsLibrary">
<doc>Sends a PUT request on a previously created HTTP Session.</doc>
<arguments>
<arg>${mysess}</arg>
<arg>${path}${id}</arg>
<arg>json=${json_not_exist}</arg>
</arguments>
<assign>
<var>${response}</var>
</assign>
<msg timestamp="20210321 14:15:07.782" level="INFO">PUT Request : url=http://localhost:8080/jakarta-ee-getting-started/rest/accountHolders/55 
 path_url=/jakarta-ee-getting-started/rest/accountHolders/55 
 headers={'User-Agent': 'python-requests/2.25.1', 'Accept-Encoding': 'gzip, deflate', 'Accept': '*/*', 'Connection': 'keep-alive', 'Content-Length': '81', 'Content-Type': 'application/json'} 
 body=b'{"id": "55", "firstName": "Ahmad", "lastName": "Yameen", "balance": "Odayyameen"}' 
 </msg>
<msg timestamp="20210321 14:15:07.782" level="INFO">PUT Response : url=http://localhost:8080/jakarta-ee-getting-started/rest/accountHolders/55 
 status=500, reason=Internal Server Error 
 headers={'Content-Language': '', 'Content-Type': 'text/html', 'Connection': 'close', 'Content-Length': '1709'} 
 body=&lt;!DOCTYPE html PUBLIC "-//W3C//DTD XHTML 1.0 Strict//EN" "http://www.w3.org/TR/xhtml1/DTD/xhtml1-strict.dtd"&gt;&lt;html xmlns="http://www.w3.org/1999/xhtml"&gt;&lt;head&gt;&lt;title&gt;GlassFish Server Open Source Edition  5.1.0  - Error report&lt;/title&gt;&lt;style type="text/css"&gt;&lt;!--H1 {font-family:Tahoma,Arial,sans-serif;color:white;background-color:#525D76;font-size:22px;} H2 {font-family:Tahoma,Arial,sans-serif;color:white;background-color:#525D76;font-size:16px;} H3 {font-family:Tahoma,Arial,sans-serif;color:white;background-color:#525D76;font-size:14px;} BODY {font-family:Tahoma,Arial,sans-serif;color:black;background-color:white;} B {font-family:Tahoma,Arial,sans-serif;color:white;background-color:#525D76;} P {font-family:Tahoma,Arial,sans-serif;background:white;color:black;font-size:12px;}A {color : black;}HR {color : #525D76;}--&gt;&lt;/style&gt; &lt;/head&gt;&lt;body&gt;&lt;h1&gt;HTTP Status 500 - Internal Server Error&lt;/h1&gt;&lt;hr/&gt;&lt;p&gt;&lt;b&gt;type&lt;/b&gt; Exception report&lt;/p&gt;&lt;p&gt;&lt;b&gt;message&lt;/b&gt;Internal Server Error&lt;/p&gt;&lt;p&gt;&lt;b&gt;description&lt;/b&gt;The server encountered an internal error that prevented it from fulfilling this request.&lt;/p&gt;&lt;p&gt;&lt;b&gt;exception&lt;/b&gt; &lt;pre&gt;javax.servlet.ServletException: javax.ws.rs.ProcessingException: Error deserializing object from entity stream.&lt;/pre&gt;&lt;/p&gt;&lt;p&gt;&lt;b&gt;root cause&lt;/b&gt; &lt;pre&gt;javax.ws.rs.ProcessingException: Error deserializing object from entity stream.&lt;/pre&gt;&lt;/p&gt;&lt;p&gt;&lt;b&gt;root cause&lt;/b&gt; &lt;pre&gt;javax.json.bind.JsonbException: Error deserialize JSON value into type: class java.lang.Double.&lt;/pre&gt;&lt;/p&gt;&lt;p&gt;&lt;b&gt;note&lt;/b&gt; &lt;u&gt;The full stack traces of the exception and its root causes are available in the GlassFish Server Open Source Edition  5.1.0  logs.&lt;/u&gt;&lt;/p&gt;&lt;hr/&gt;&lt;h3&gt;GlassFish Server Open Source Edition  5.1.0 &lt;/h3&gt;&lt;/body&gt;&lt;/html&gt; 
 </msg>
<msg timestamp="20210321 14:15:07.784" level="FAIL">HTTPError: 500 Server Error: Internal Server Error for url: http://localhost:8080/jakarta-ee-getting-started/rest/accountHolders/55</msg>
<status status="FAIL" starttime="20210321 14:15:07.763" endtime="20210321 14:15:07.784"></status>
</kw>
<status status="FAIL" starttime="20210321 14:15:07.763" endtime="20210321 14:15:07.784"></status>
</kw>
<status status="FAIL" starttime="20210321 14:15:07.760" endtime="20210321 14:15:07.785" critical="yes">HTTPError: 500 Server Error: Internal Server Error for url: http://localhost:8080/jakarta-ee-getting-started/rest/accountHolders/55</status>
</test>
<status status="FAIL" starttime="20210321 14:15:07.177" endtime="20210321 14:15:07.786"></status>
</suite>
<status status="FAIL" starttime="20210321 14:15:07.173" endtime="20210321 14:15:07.788"></status>
</suite>
<status status="FAIL" starttime="20210321 14:15:07.168" endtime="20210321 14:15:07.791"></status>
</suite>
<status status="FAIL" starttime="20210321 14:15:07.130" endtime="20210321 14:15:07.793"></status>
</suite>
<statistics>
<total>
<stat pass="1" fail="4">Critical Tests</stat>
<stat pass="1" fail="4">All Tests</stat>
</total>
<tag>
</tag>
<suite>
<stat pass="1" fail="4" id="s1" name="LaithTest">LaithTest</stat>
<stat pass="1" fail="4" id="s1-s1" name="TestCases">LaithTest.TestCases</stat>
<stat pass="1" fail="4" id="s1-s1-s1" name="REST API">LaithTest.TestCases.REST API</stat>
<stat pass="1" fail="4" id="s1-s1-s1-s1" name="PUT">LaithTest.TestCases.REST API.PUT</stat>
</suite>
</statistics>
<errors>
</errors>
</robot>
